This file contains any messages produced by compilers while
running configure, to aid debugging if configure makes a mistake.

It was created by configure, which was
generated by GNU Autoconf 2.71.  Invocation command line was

  $ ./configure

## --------- ##
## Platform. ##
## --------- ##

hostname = simsomin-ui-MacBookPro.local
uname -m = arm64
uname -r = 21.2.0
uname -s = Darwin
uname -v = Darwin Kernel Version 21.2.0: Sun Nov 28 20:29:10 PST 2021; root:xnu-8019.61.5~1/RELEASE_ARM64_T8101

/usr/bin/uname -p = arm
/bin/uname -X     = unknown

/bin/arch              = unknown
/usr/bin/arch -k       = unknown
/usr/convex/getsysinfo = unknown
/usr/bin/hostinfo      = Mach kernel version:
	 Darwin Kernel Version 21.2.0: Sun Nov 28 20:29:10 PST 2021; root:xnu-8019.61.5~1/RELEASE_ARM64_T8101
Kernel configured for up to 8 processors.
8 processors are physically available.
8 processors are logically available.
Processor type: arm64e (ARM64E)
Processors active: 0 1 2 3 4 5 6 7
Primary memory available: 16.00 gigabytes
Default processor set: 503 tasks, 2845 threads, 8 processors
Load average: 2.01, Mach factor: 5.98
/bin/machine           = unknown
/usr/bin/oslevel       = unknown
/bin/universe          = unknown

PATH: /Users/shimsomin/opt/anaconda3/envs/corona/bin/
PATH: /Users/shimsomin/opt/anaconda3/condabin/
PATH: /Users/shimsomin/.rbenv/shims/
PATH: {/Users/shimsomin}/.rbenv/bin/
PATH: /opt/homebrew/bin/
PATH: /opt/homebrew/sbin/
PATH: /Library/Frameworks/Python.framework/Versions/3.9/bin/
PATH: /usr/local/bin/
PATH: /usr/bin/
PATH: /bin/
PATH: /usr/sbin/
PATH: /sbin/


## ----------- ##
## Core tests. ##
## ----------- ##

configure:1723: looking for aux files: missing install-sh
configure:1736:  trying ./
configure:1765:   ./missing found
configure:1747:   ./install-sh found
configure:1894: checking for a BSD-compatible install
configure:1967: result: /opt/homebrew/bin/ginstall -c
configure:1978: checking whether build environment is sane
configure:2033: result: yes
configure:2068: WARNING: 'missing' script is too old or missing
configure:2192: checking for a race-free mkdir -p
configure:2236: result: /opt/homebrew/bin/gmkdir -p
configure:2243: checking for gawk
configure:2278: result: no
configure:2243: checking for mawk
configure:2278: result: no
configure:2243: checking for nawk
configure:2278: result: no
configure:2243: checking for awk
configure:2264: found /usr/bin/awk
configure:2275: result: awk
configure:2286: checking whether make sets $(MAKE)
configure:2309: result: yes
configure:2339: checking whether make supports nested variables
configure:2357: result: yes
configure:2522: checking for mecab-config
configure:2545: found /usr/local/bin/mecab-config
configure:2557: result: /usr/local/bin/mecab-config
configure:2760: checking that generated files are newer than configure
configure:2766: result: done
configure:2774: creating ./config.status

## ---------------------- ##
## Running config.status. ##
## ---------------------- ##

This file was extended by config.status, which was
generated by GNU Autoconf 2.71.  Invocation command line was

  CONFIG_FILES    = 
  CONFIG_HEADERS  = 
  CONFIG_LINKS    = 
  CONFIG_COMMANDS = 
  $ ./config.status 

on simsomin-ui-MacBookPro.local

config.status:749: creating Makefile

## ---------------- ##
## Cache variables. ##
## ---------------- ##

ac_cv_env_build_alias_set=
ac_cv_env_build_alias_value=
ac_cv_env_host_alias_set=
ac_cv_env_host_alias_value=
ac_cv_env_target_alias_set=
ac_cv_env_target_alias_value=
ac_cv_path_MECAB_CONFIG=/usr/local/bin/mecab-config
ac_cv_path_install='/opt/homebrew/bin/ginstall -c'
ac_cv_path_mkdir=/opt/homebrew/bin/gmkdir
ac_cv_prog_AWK=awk
ac_cv_prog_make_make_set=yes
am_cv_make_support_nested_variables=yes

## ----------------- ##
## Output variables. ##
## ----------------- ##

ACLOCAL='aclocal-1.16'
AMTAR='$${TAR-tar}'
AM_BACKSLASH='\'
AM_DEFAULT_V='$(AM_DEFAULT_VERBOSITY)'
AM_DEFAULT_VERBOSITY='1'
AM_V='$(V)'
AUTOCONF='autoconf'
AUTOHEADER='autoheader'
AUTOMAKE='automake-1.16'
AWK='awk'
CHARSET='UTF-8'
CSCOPE='cscope'
CTAGS='ctags'
CYGPATH_W='echo'
DEFS='-DPACKAGE_NAME=\"\" -DPACKAGE_TARNAME=\"\" -DPACKAGE_VERSION=\"\" -DPACKAGE_STRING=\"\" -DPACKAGE_BUGREPORT=\"\" -DPACKAGE_URL=\"\" -DPACKAGE=\"mecab-ko-dic\" -DVERSION=\"2.0.0\"'
ECHO_C='\c'
ECHO_N=''
ECHO_T=''
ETAGS='etags'
INSTALL_DATA='${INSTALL} -m 644'
INSTALL_PROGRAM='${INSTALL}'
INSTALL_SCRIPT='${INSTALL}'
INSTALL_STRIP_PROGRAM='$(install_sh) -c -s'
LIBOBJS=''
LIBS=''
LTLIBOBJS=''
MAKEINFO='makeinfo'
MECAB_CONFIG='/usr/local/bin/mecab-config'
MECAB_DICDIR='/usr/local/lib/mecab/dic/mecab-ko-dic'
MECAB_DICT_INDEX='/usr/local/libexec/mecab/mecab-dict-index'
MECAB_GENDATA='model.bin matrix.bin char.bin sys.dic unk.dic'
MECAB_LEXICAL_DIC='CoinedWord.csv EC.csv EF.csv EP.csv ETM.csv ETN.csv Foreign.csv Group.csv Hanja.csv IC.csv Inflect.csv J.csv MAG.csv MAJ.csv MM.csv NNB.csv NNBC.csv NNG.csv NNP.csv NP.csv NR.csv NorthKorea.csv Person-actor.csv Person.csv Place-address.csv Place-station.csv Place.csv Preanalysis.csv Symbol.csv VA.csv VCN.csv VCP.csv VV.csv VX.csv Wikipedia.csv XPN.csv XR.csv XSA.csv XSN.csv XSV.csv'
MECAB_MECABRC='/usr/local/etc/mecabrc'
MECAB_PREDATA='char.def feature.def left-id.def matrix.def model.def pos-id.def rewrite.def right-id.def unk.def dicrc'
MKDIR_P='/opt/homebrew/bin/gmkdir -p'
PACKAGE='mecab-ko-dic'
PACKAGE_BUGREPORT=''
PACKAGE_NAME=''
PACKAGE_STRING=''
PACKAGE_TARNAME=''
PACKAGE_URL=''
PACKAGE_VERSION=''
PATH_SEPARATOR=':'
SET_MAKE=''
SHELL='/bin/sh'
STRIP=''
VERSION='2.0.0'
am__isrc=''
am__leading_dot='.'
am__tar='$${TAR-tar} chof - "$$tardir"'
am__untar='$${TAR-tar} xf -'
bindir='${exec_prefix}/bin'
build_alias=''
datadir='${datarootdir}'
datarootdir='${prefix}/share'
docdir='${datarootdir}/doc/${PACKAGE}'
dvidir='${docdir}'
exec_prefix='${prefix}'
host_alias=''
htmldir='${docdir}'
includedir='${prefix}/include'
infodir='${datarootdir}/info'
install_sh='${SHELL} /Users/shimsomin/project-template/mecab-ko-dic-2.1.1-20180720/install-sh'
libdir='${exec_prefix}/lib'
libexecdir='${exec_prefix}/libexec'
localedir='${datarootdir}/locale'
localstatedir='${prefix}/var'
mandir='${datarootdir}/man'
mkdir_p='$(MKDIR_P)'
oldincludedir='/usr/include'
pdfdir='${docdir}'
prefix='/usr/local'
program_transform_name='s,x,x,'
psdir='${docdir}'
runstatedir='${localstatedir}/run'
sbindir='${exec_prefix}/sbin'
sharedstatedir='${prefix}/com'
sysconfdir='${prefix}/etc'
target_alias=''

## ----------- ##
## confdefs.h. ##
## ----------- ##

/* confdefs.h */
#define PACKAGE_NAME ""
#define PACKAGE_TARNAME ""
#define PACKAGE_VERSION ""
#define PACKAGE_STRING ""
#define PACKAGE_BUGREPORT ""
#define PACKAGE_URL ""
#define PACKAGE "mecab-ko-dic"
#define VERSION "2.0.0"

configure: exit 0
